<?xml version="1.0" encoding="UTF-8"?>
<testng-results skipped="0" failed="1" ignored="0" total="4" passed="3">
  <reporter-output>
    <line>
      <![CDATA[Clicked on the Signin button to print the page title of next page]]>
    </line>
  </reporter-output>
  <suite name="Default suite" duration-ms="27276" started-at="2020-02-25T20:36:58Z" finished-at="2020-02-25T20:37:25Z">
    <groups>
    </groups>
    <test name="Default test" duration-ms="27276" started-at="2020-02-25T20:36:58Z" finished-at="2020-02-25T20:37:25Z">
      <class name="testBase.TestRoughRun">
        <test-method status="PASS" signature="browserSetup()[pri:0, instance:testBase.TestRoughRun@224edc67]" name="browserSetup" duration-ms="20103" started-at="2020-02-25T20:36:58Z" finished-at="2020-02-25T20:37:18Z">
          <reporter-output>
          </reporter-output>
        </test-method> <!-- browserSetup -->
        <test-method status="PASS" signature="clickSingIn()[pri:1, instance:testBase.TestRoughRun@224edc67]" name="clickSingIn" duration-ms="1485" started-at="2020-02-25T20:37:18Z" finished-at="2020-02-25T20:37:19Z">
          <reporter-output>
            <line>
              <![CDATA[Clicked on the Signin button to print the page title of next page]]>
            </line>
          </reporter-output>
        </test-method> <!-- clickSingIn -->
        <test-method status="PASS" signature="enterEmailAddressandClickCreateAccount()[pri:2, instance:testBase.TestRoughRun@224edc67]" name="enterEmailAddressandClickCreateAccount" duration-ms="1342" started-at="2020-02-25T20:37:19Z" finished-at="2020-02-25T20:37:21Z">
          <reporter-output>
          </reporter-output>
        </test-method> <!-- enterEmailAddressandClickCreateAccount -->
        <test-method status="FAIL" signature="enterDataInYourInformationSection()[pri:3, instance:testBase.TestRoughRun@224edc67]" name="enterDataInYourInformationSection" duration-ms="4291" started-at="2020-02-25T20:37:21Z" depends-on-methods="testBase.TestRoughRun.enterEmailAddressandClickCreateAccount" finished-at="2020-02-25T20:37:25Z">
          <exception class="java.lang.IllegalStateException">
            <message>
              <![CDATA[Cannot get a NUMERIC value from a STRING cell]]>
            </message>
            <full-stacktrace>
              <![CDATA[java.lang.IllegalStateException: Cannot get a NUMERIC value from a STRING cell
at org.apache.poi.xssf.usermodel.XSSFCell.typeMismatch(XSSFCell.java:1077)
at org.apache.poi.xssf.usermodel.XSSFCell.getNumericCellValue(XSSFCell.java:307)
at applicationPages.accountCreationPage.enterYourAddress(accountCreationPage.java:137)
at testBase.TestRoughRun.enterDataInYourInformationSection(TestRoughRun.java:59)
at sun.reflect.NativeMethodAccessorImpl.invoke0(Native Method)
at sun.reflect.NativeMethodAccessorImpl.invoke(Unknown Source)
at sun.reflect.DelegatingMethodAccessorImpl.invoke(Unknown Source)
at java.lang.reflect.Method.invoke(Unknown Source)
at org.testng.internal.MethodInvocationHelper.invokeMethod(MethodInvocationHelper.java:124)
at org.testng.internal.Invoker.invokeMethod(Invoker.java:583)
at org.testng.internal.Invoker.invokeTestMethod(Invoker.java:719)
at org.testng.internal.Invoker.invokeTestMethods(Invoker.java:989)
at org.testng.internal.TestMethodWorker.invokeTestMethods(TestMethodWorker.java:125)
at org.testng.internal.TestMethodWorker.run(TestMethodWorker.java:109)
at org.testng.TestRunner.privateRun(TestRunner.java:648)
at org.testng.TestRunner.run(TestRunner.java:505)
at org.testng.SuiteRunner.runTest(SuiteRunner.java:455)
at org.testng.SuiteRunner.runSequentially(SuiteRunner.java:450)
at org.testng.SuiteRunner.privateRun(SuiteRunner.java:415)
at org.testng.SuiteRunner.run(SuiteRunner.java:364)
at org.testng.SuiteRunnerWorker.runSuite(SuiteRunnerWorker.java:52)
at org.testng.SuiteRunnerWorker.run(SuiteRunnerWorker.java:84)
at org.testng.TestNG.runSuitesSequentially(TestNG.java:1208)
at org.testng.TestNG.runSuitesLocally(TestNG.java:1137)
at org.testng.TestNG.runSuites(TestNG.java:1049)
at org.testng.TestNG.run(TestNG.java:1017)
at org.testng.remote.AbstractRemoteTestNG.run(AbstractRemoteTestNG.java:115)
at org.testng.remote.RemoteTestNG.initAndRun(RemoteTestNG.java:251)
at org.testng.remote.RemoteTestNG.main(RemoteTestNG.java:77)
]]>
            </full-stacktrace>
          </exception> <!-- java.lang.IllegalStateException -->
          <reporter-output>
          </reporter-output>
        </test-method> <!-- enterDataInYourInformationSection -->
      </class> <!-- testBase.TestRoughRun -->
    </test> <!-- Default test -->
  </suite> <!-- Default suite -->
</testng-results>
