<?xml version="1.0" encoding="UTF-8"?>
<testng-results skipped="0" failed="0" ignored="0" total="2" passed="2">
  <reporter-output>
  </reporter-output>
  <suite name="Default suite" duration-ms="20956" started-at="2020-02-29T09:44:01Z" finished-at="2020-02-29T09:44:22Z">
    <groups>
    </groups>
    <test name="Default test" duration-ms="20956" started-at="2020-02-29T09:44:01Z" finished-at="2020-02-29T09:44:22Z">
      <class name="testBase.TestRoughRun">
        <test-method status="PASS" signature="browserSetup()[pri:0, instance:testBase.TestRoughRun@224edc67]" name="browserSetup" duration-ms="19741" started-at="2020-02-29T09:44:02Z" finished-at="2020-02-29T09:44:21Z">
          <reporter-output>
          </reporter-output>
        </test-method> <!-- browserSetup -->
        <test-method status="PASS" signature="testingExcel()[pri:0, instance:testBase.TestRoughRun@224edc67]" name="testingExcel" duration-ms="1157" started-at="2020-02-29T09:44:21Z" finished-at="2020-02-29T09:44:22Z">
          <reporter-output>
          </reporter-output>
        </test-method> <!-- testingExcel -->
      </class> <!-- testBase.TestRoughRun -->
    </test> <!-- Default test -->
  </suite> <!-- Default suite -->
</testng-results>
